Log file open, 06/24/17 11:10:11
LogInit:Display: Running engine for game: SteamProject
LogPlatformFile: Not using cached read wrapper
LogInit:Display: RandInit(-1122921067) SRandInit(-1122921067).
LogTaskGraph: Started task graph with 5 named threads and 8 total threads with 1 sets of task threads.
LogStats: Stats thread started at 0.077562
LogInit: Using libcurl 7.47.1
LogInit:  - built for x86_64-pc-win32
LogInit:  - supports SSL with OpenSSL/1.0.2g
LogInit:  - supports HTTP deflate (compression) using libz 1.2.8
LogInit:  - other features:
LogInit:      CURL_VERSION_SSL
LogInit:      CURL_VERSION_LIBZ
LogInit:      CURL_VERSION_IPV6
LogInit:      CURL_VERSION_ASYNCHDNS
LogInit:      CURL_VERSION_LARGEFILE
LogInit:      CURL_VERSION_IDN
LogInit:  CurlRequestOptions (configurable via config and command line):
LogInit:  - bVerifyPeer = false  - Libcurl will NOT verify peer certificate
LogInit:  - bUseHttpProxy = false  - Libcurl will NOT use HTTP proxy
LogInit:  - bDontReuseConnections = false  - Libcurl will reuse connections
LogInit:  - CertBundlePath = nullptr  - Libcurl will use whatever was configured at build time.
LogModuleManager:Warning: No filename provided for module OnlineSubsystemSteam
LogModuleManager:Warning: ModuleManager: Unable to load module 'OnlineSubsystemSteam' because the file 'C:/Program Files/Epic Games/UE_4.15/Engine/Binaries/Win64/' was not found.
LogInit: WinSock: version 1.1 (2.2), MaxSocks=32767, MaxUdp=65467
LogInit: Build: ++UE4+Release-4.15-CL-3450819
LogInit: Engine Version: 4.15.3-3450819+++UE4+Release-4.15
LogInit: Compatible Engine Version: 4.15.0-3299760+++UE4+Release-4.15
LogInit: Net CL: 3299760
LogDevObjectVersion: Number of dev versions registered: 14
LogDevObjectVersion:   Dev-Blueprints (B0D832E4-1F89-4F0D-ACCF-7EB736FD4AA2): 8
LogDevObjectVersion:   Dev-Build (E1C64328-A22C-4D53-A36C-8E866417BD8C): 0
LogDevObjectVersion:   Dev-Core (375EC13C-06E4-48FB-B500-84F0262A717E): 2
LogDevObjectVersion:   Dev-Editor (E4B068ED-F494-42E9-A231-DA0B2E46BB41): 14
LogDevObjectVersion:   Dev-Framework (CFFC743F-43B0-4480-9391-14DF171D2073): 22
LogDevObjectVersion:   Dev-Mobile (B02B49B5-BB20-44E9-A304-32B752E40360): 0
LogDevObjectVersion:   Dev-Networking (A4E4105C-59A1-49B5-A7C5-40C4547EDFEE): 0
LogDevObjectVersion:   Dev-Online (39C831C9-5AE6-47DC-9A44-9C173E1C8E7C): 0
LogDevObjectVersion:   Dev-Physics (78F01B33-EBEA-4F98-B9B4-84EACCB95AA2): 0
LogDevObjectVersion:   Dev-Platform (6631380F-2D4D-43E0-8009-CF276956A95A): 0
LogDevObjectVersion:   Dev-Rendering (12F88B9F-8875-4AFC-A67C-D90C383ABD29): 12
LogDevObjectVersion:   Dev-Sequencer (7B5AE74C-D270-4C10-A958-57980B212A5A): 3
LogDevObjectVersion:   Dev-VR (D7296918-1DD6-4BDD-9DE2-64A83CC13884): 0
LogDevObjectVersion:   Dev-LoadTimes (C2A15278-BFE7-4AFE-6C17-90FF531DF755): 1
LogInit: Compiled (64-bit): May 21 2017 11:02:34
LogInit: Compiled with Visual C++: 19.00.23026.00
LogInit: Build Configuration: Development
LogInit: Branch Name: ++UE4+Release-4.15
LogInit: Command line:  
LogInit: Base directory: C:/Program Files/Epic Games/UE_4.15/Engine/Binaries/Win64/
LogInit: Installed Engine Build: 1
LogInit: Presizing for max 8388607 objects, including 0 objects not considered by GC, pre-allocating 0 bytes for permanent pool.
LogInit: Object subsystem initialized
[2017.06.24-16.10.12:924][  0]LogInit: Selected Device Profile: [Windows]
[2017.06.24-16.10.12:924][  0]LogInit: Applying CVar settings loaded from the selected device profile: [Windows]
[2017.06.24-16.10.12:943][  0]LogInit: Computer: LAPTOP-RAOCS8F3
[2017.06.24-16.10.12:943][  0]LogInit: User: koru
[2017.06.24-16.10.12:943][  0]LogInit: CPU Page size=65536, Cores=4
[2017.06.24-16.10.12:943][  0]LogInit: High frequency timer resolution =2.531254 MHz
[2017.06.24-16.10.12:943][  0]LogMemory: Memory total: Physical=15.8GB (16GB approx)
[2017.06.24-16.10.12:943][  0]LogMemory: Platform Memory Stats for Windows
[2017.06.24-16.10.12:943][  0]LogMemory: Process Physical Memory: 264.88 MB used, 264.88 MB peak
[2017.06.24-16.10.12:943][  0]LogMemory: Process Virtual Memory: 262.99 MB used, 262.99 MB peak
[2017.06.24-16.10.12:943][  0]LogMemory: Physical Memory: 7100.13 MB used,  9111.66 MB free, 16211.78 MB total
[2017.06.24-16.10.12:943][  0]LogMemory: Virtual Memory: 647.27 MB used,  9111.66 MB free, 134217728.00 MB total
[2017.06.24-16.10.13:026][  0]LogTextLocalizationManager: No specific translations for ('es-PE') exist, so ('es') translations will be used.
[2017.06.24-16.10.15:453][  0]LogD3D11RHI: D3D11 adapters:
[2017.06.24-16.10.16:280][  0]LogD3D11RHI:    0. 'NVIDIA GeForce GTX 960M' (Feature Level 11_0)
[2017.06.24-16.10.16:280][  0]LogD3D11RHI:       4064/0/8105 MB DedicatedVideo/DedicatedSystem/SharedSystem, Outputs:1, VendorId:0x10de
[2017.06.24-16.10.16:297][  0]LogD3D11RHI:    1. 'Intel(R) HD Graphics 530' (Feature Level 11_0)
[2017.06.24-16.10.16:297][  0]LogD3D11RHI:       128/0/8105 MB DedicatedVideo/DedicatedSystem/SharedSystem, Outputs:0, VendorId:0x8086
[2017.06.24-16.10.16:300][  0]LogD3D11RHI:    2. 'Microsoft Basic Render Driver' (Feature Level 11_0)
[2017.06.24-16.10.16:300][  0]LogD3D11RHI:       0/0/8105 MB DedicatedVideo/DedicatedSystem/SharedSystem, Outputs:0, VendorId:0x1414
[2017.06.24-16.10.16:300][  0]LogD3D11RHI: Chosen D3D11 Adapter: 0
[2017.06.24-16.10.16:310][  0]LogD3D11RHI: Creating new Direct3DDevice
[2017.06.24-16.10.16:310][  0]LogD3D11RHI:     GPU DeviceId: 0x139b (for the marketing name, search the web for "GPU Device Id")
[2017.06.24-16.10.16:310][  0]LogWindows: EnumDisplayDevices:
[2017.06.24-16.10.16:310][  0]LogWindows:    0. 'Intel(R) HD Graphics 530' (P:1 D:1)
[2017.06.24-16.10.16:311][  0]LogWindows:    1. 'Intel(R) HD Graphics 530' (P:0 D:0)
[2017.06.24-16.10.16:311][  0]LogWindows:    2. 'Intel(R) HD Graphics 530' (P:0 D:0)
[2017.06.24-16.10.16:311][  0]LogWindows: DebugString: PrimaryIsNotTheChoosenAdapter PrimaryIsNotTheChoosenAdapter PrimaryIsNotTheChoosenAdapter FoundDriverCount:0 
[2017.06.24-16.10.16:311][  0]LogD3D11RHI:     Adapter Name: NVIDIA GeForce GTX 960M
[2017.06.24-16.10.16:311][  0]LogD3D11RHI:   Driver Version: Unknown (internal:Unknown, unified:Unknown)
[2017.06.24-16.10.16:311][  0]LogD3D11RHI:      Driver Date: Unknown
[2017.06.24-16.10.16:311][  0]LogRHI: Texture pool is 1361 MB (70% of 1945 MB)
[2017.06.24-16.10.16:932][  0]LogD3D11RHI: Async texture creation enabled
[2017.06.24-16.10.17:017][  0]LogD3D11RHI: GPU Timing Frequency: 1000.000000 (Debug: 2 1)
[2017.06.24-16.10.17:019][  0]LogShaderCompilers: Guid format shader working directory is -9 characters bigger than the processId version (../../../../../../Users/koru/Desktop/IHC/SteamProject/Intermediate/Shaders/WorkingDirectory/17256/).
[2017.06.24-16.10.17:019][  0]LogShaderCompilers: Cleaned the shader compiler working directory 'C:/Users/koru/AppData/Local/Temp/UnrealShaderWorkingDir/3FF5B1AB4741983EBFD5FB92F4778CF4/'.
[2017.06.24-16.10.17:019][  0]LogShaderCompilers:Display: Using Local Shader Compiler.
[2017.06.24-16.10.18:345][  0]LogTemp:Display: Loaded TP AllDesktopTargetPlatform
[2017.06.24-16.10.18:416][  0]LogTemp:Display: Loaded TP MacClientTargetPlatform
[2017.06.24-16.10.18:502][  0]LogTemp:Display: Loaded TP MacNoEditorTargetPlatform
[2017.06.24-16.10.18:561][  0]LogTemp:Display: Loaded TP MacServerTargetPlatform
[2017.06.24-16.10.18:625][  0]LogTemp:Display: Loaded TP MacTargetPlatform
[2017.06.24-16.10.18:719][  0]LogTemp:Display: Loaded TP WindowsClientTargetPlatform
[2017.06.24-16.10.18:860][  0]LogTemp:Display: Loaded TP WindowsNoEditorTargetPlatform
[2017.06.24-16.10.18:921][  0]LogTemp:Display: Loaded TP WindowsServerTargetPlatform
[2017.06.24-16.10.18:968][  0]LogTemp:Display: Loaded TP WindowsTargetPlatform
[2017.06.24-16.10.19:028][  0]LogTemp:Display: Loaded TP AndroidTargetPlatform
[2017.06.24-16.10.19:086][  0]LogTemp:Display: Loaded TP Android_ASTCTargetPlatform
[2017.06.24-16.10.19:144][  0]LogTemp:Display: Loaded TP Android_ATCTargetPlatform
[2017.06.24-16.10.19:202][  0]LogTemp:Display: Loaded TP Android_DXTTargetPlatform
[2017.06.24-16.10.19:259][  0]LogTemp:Display: Loaded TP Android_ETC1TargetPlatform
[2017.06.24-16.10.19:314][  0]LogTemp:Display: Loaded TP Android_ETC2TargetPlatform
[2017.06.24-16.10.19:427][  0]LogTemp:Display: Loaded TP Android_MultiTargetPlatform
[2017.06.24-16.10.19:427][  0]LogTemp:Display: Loaded TP Android_PVRTCTargetPlatform
[2017.06.24-16.10.19:467][  0]LogTemp:Display: Loaded TP HTML5TargetPlatform
[2017.06.24-16.10.19:581][  0]LogTemp:Display: Loaded TP IOSTargetPlatform
[2017.06.24-16.10.19:628][  0]LogTemp:Display: Loaded TP TVOSTargetPlatform
[2017.06.24-16.10.19:705][  0]LogTemp:Display: Loaded TP LinuxClientTargetPlatform
[2017.06.24-16.10.19:765][  0]LogTemp:Display: Loaded TP LinuxNoEditorTargetPlatform
[2017.06.24-16.10.19:829][  0]LogTemp:Display: Loaded TP LinuxServerTargetPlatform
[2017.06.24-16.10.19:946][  0]LogTemp:Display: Loaded TP LinuxTargetPlatform
[2017.06.24-16.10.19:946][  0]LogTargetPlatformManager:Display: Building Assets For Windows
[2017.06.24-16.10.20:904][  0]LogDerivedDataCache:Display: Max Cache Size: 512 MB
[2017.06.24-16.10.20:959][  0]LogDerivedDataCache: Loaded boot cache 0.05s 50MB C:/Users/koru/AppData/Local/UnrealEngine/4.15/DerivedDataCache/Boot.ddc.
[2017.06.24-16.10.20:959][  0]LogDerivedDataCache:Display: Loaded Boot cache: C:/Users/koru/AppData/Local/UnrealEngine/4.15/DerivedDataCache/Boot.ddc
[2017.06.24-16.10.20:959][  0]LogDerivedDataCache: FDerivedDataBackendGraph:  Pak pak cache file ../../../../../../Users/koru/Desktop/IHC/SteamProject/DerivedDataCache/DDC.ddp not found, will not use a pak cache.
[2017.06.24-16.10.20:959][  0]LogDerivedDataCache: Unable to find inner node Pak for hierarchical cache Hierarchy.
[2017.06.24-16.10.20:959][  0]LogDerivedDataCache: FDerivedDataBackendGraph:  CompressedPak pak cache file ../../../../../../Users/koru/Desktop/IHC/SteamProject/DerivedDataCache/Compressed.ddp not found, will not use a pak cache.
[2017.06.24-16.10.20:959][  0]LogDerivedDataCache: Unable to find inner node CompressedPak for hierarchical cache Hierarchy.
[2017.06.24-16.10.20:979][  0]LogDerivedDataCache:Display: Pak cache opened for reading ../../../Engine/DerivedDataCache/Compressed.ddp.
[2017.06.24-16.10.20:991][  0]LogDerivedDataCache: Using Local data cache path C:/Users/koru/AppData/Local/UnrealEngine/Common/DerivedDataCache: Writable
[2017.06.24-16.10.21:021][  0]LogSlate: Using Freetype 2.6.0
[2017.06.24-16.10.21:022][  0]LogSlate: SlateFontCache - WITH_FREETYPE: 1, WITH_HARFBUZZ: 1
[2017.06.24-16.10.21:022][  0]LogSlate: SlateFontCache - WITH_FREETYPE: 1, WITH_HARFBUZZ: 1
[2017.06.24-16.10.21:411][  0]LogInit: Selected Device Profile: [Windows]
[2017.06.24-16.10.21:413][  0]LogContentStreaming: Texture pool size is 0.00 MB
[2017.06.24-16.10.21:741][  0]LogMeshUtilities: Using QuadricMeshReduction for automatic static mesh reduction
[2017.06.24-16.10.21:857][  0]LogSimplygon: Simplygon DLL not present - disabling.
[2017.06.24-16.10.21:948][  0]LogMeshUtilities: Using SimplygonSwarm for distributed automatic mesh merging
[2017.06.24-16.10.21:948][  0]LogMeshUtilities: No automatic skeletal mesh reduction module available
[2017.06.24-16.10.21:948][  0]LogMeshUtilities: No automatic mesh merging module available
[2017.06.24-16.10.22:983][  0]LogNetVersion: GetLocalNetworkVersion: CL: 3299760, ProjectName: steamproject, ProjectVersion: , EngineNetworkVersion: 2, GameNetworkVersion: 0, NetworkChecksum: 3119142434
[2017.06.24-16.10.23:031][  0]LogAssetRegistry: FAssetRegistry took 0.0215 seconds to start up
[2017.06.24-16.10.23:148][  0]LogPackageLocalizationCache: Processed 3 localized package path(s) for 2 prioritized culture(s) in 0.063013 seconds
[2017.06.24-16.10.23:159][  0]LogUObjectArray: 32493 objects as part of root set at end of initial load.
[2017.06.24-16.10.23:159][  0]LogUObjectAllocator: 7077024 out of 0 bytes used by permanent object pool.
[2017.06.24-16.10.23:159][  0]LogUObjectArray: CloseDisregardForGC: 0/0 objects in disregard for GC pool
[2017.06.24-16.10.28:444][  0]LogTcpMessaging: Initializing TcpMessaging bridge
[2017.06.24-16.10.28:544][  0]LogUdpMessaging: Initializing bridge on interface 0.0.0.0:0 to multicast group 230.0.0.1:6666.
[2017.06.24-16.10.29:272][  0]LogMaterial: Uniform references updated for custom material expression Custom.
[2017.06.24-16.10.30:453][  0]SourceControl: Información El control de código fuente está desactivado
[2017.06.24-16.10.30:693][  0]SourceControl: Información El control de código fuente está desactivado
[2017.06.24-16.10.30:750][  0]SourceControl: Información El control de código fuente está desactivado
[2017.06.24-16.10.30:800][  0]SourceControl: Información El control de código fuente está desactivado
[2017.06.24-16.10.32:680][  0]LogEngine: Initializing Engine...
[2017.06.24-16.10.32:681][  0]LogHMD: Failed to initialize OpenVR with code 110
[2017.06.24-16.10.33:013][  0]LogStats: UGameplayTagsManager::ConstructGameplayTagTree: Construct from data asset -  0.000 s
[2017.06.24-16.10.33:013][  0]LogStats: UGameplayTagsManager::ConstructGameplayTagTree: GameplayTagTreeChangedEvent.Broadcast -  0.000 s
[2017.06.24-16.10.33:411][  0]LogAIModule: Creating AISystem for world Untitled
[2017.06.24-16.10.33:424][  0]LogInit: XAudio2 using 'Speakers (Realtek High Definition Audio)' : 2 channels at 48 kHz using 32 bits per sample (channel mask 0x3)
[2017.06.24-16.10.33:441][  0]LogInit: FAudioDevice initialized.
[2017.06.24-16.10.33:504][  0]LogDerivedDataCache: Saved boot cache 0.06s 50MB C:/Users/koru/AppData/Local/UnrealEngine/4.15/DerivedDataCache/Boot.ddc.
[2017.06.24-16.10.33:528][  0]LogInit: Texture streaming: Enabled
[2017.06.24-16.10.33:711][  0]LogEngineSessionManager: EngineSessionManager initialized
[2017.06.24-16.10.33:826][  0]LogInit: Transaction tracking system initialized
[2017.06.24-16.10.34:631][  0]BlueprintLog: New page: Cargar el editor
[2017.06.24-16.10.36:114][  0]LocalizationService: Información Localization service is disabled
[2017.06.24-16.10.37:236][  0]LogConsoleResponse:Display: 
[2017.06.24-16.10.37:381][  0]LogCook:Display: Max memory allowance for cook 16384mb min free memory 0mb
[2017.06.24-16.10.37:381][  0]LogCook:Display: Mobile HDR setting 1
[2017.06.24-16.10.38:466][  0]LogFileCache: Scanning file cache for directory 'C:/Users/koru/Desktop/IHC/SteamProject/Content/' took 0.02s
[2017.06.24-16.10.38:512][  0]SourceControl: Información El control de código fuente está desactivado
[2017.06.24-16.10.38:512][  0]Cmd: MAP LOAD FILE="../../../../../../Users/koru/Desktop/IHC/SteamProject/Content/Maps/MainMenu.umap" TEMPLATE=0 SHOWPROGRESS=1 FEATURELEVEL=3
[2017.06.24-16.10.38:517][  0]LightingResults: New page: Diseñar la iluminación
[2017.06.24-16.10.38:562][  0]MapCheck: New page: Revisión del mapa
[2017.06.24-16.10.38:562][  0]LightingResults: New page: Diseñar la iluminación
[2017.06.24-16.10.39:461][  0]LogAIModule: Creating AISystem for world MainMenu
[2017.06.24-16.10.39:504][  0]LogEditorServer: Finished looking for orphan Actors (0.000 secs)
[2017.06.24-16.10.39:505][  0]Cmd: MAP CHECKDEP NOCLEARLOG
[2017.06.24-16.10.39:558][  0]MapCheck: Información Map check complete: 0 Error(s), 0 Warning(s), took 53.14ms to complete.
[2017.06.24-16.10.39:558][  0]LogFileHelpers: Loading map 'MainMenu' took 1.046
[2017.06.24-16.10.39:951][  0]LogCollectionManager: Loaded 0 collections in 0.002093 seconds
[2017.06.24-16.10.40:109][  0]LogFileCache: Scanning file cache for directory 'C:/Users/koru/Desktop/IHC/SteamProject/Saved/Collections/' took 0.01s
[2017.06.24-16.10.40:109][  0]LogFileCache: Scanning file cache for directory 'C:/Users/koru/Desktop/IHC/SteamProject/Content/Developers/koru/Collections/' took 0.01s
[2017.06.24-16.10.40:109][  0]LogFileCache: Scanning file cache for directory 'C:/Users/koru/Desktop/IHC/SteamProject/Content/Collections/' took 0.01s
[2017.06.24-16.10.40:109][  0]LogCollectionManager: Rebuilt the GUID cache for 0 collections in 0.000003 seconds
[2017.06.24-16.10.40:126][  0]LogContentBrowser: Native class hierarchy populated in 0.0164 seconds. Added 2245 classes and 453 folders.
[2017.06.24-16.10.40:228][  0]LogContentBrowser: Native class hierarchy updated for 'WidgetCarousel' in 0.0006 seconds. Added 0 classes and 0 folders.
[2017.06.24-16.10.41:009][  0]LogContentBrowser: Native class hierarchy updated for 'AddContentDialog' in 0.0015 seconds. Added 0 classes and 0 folders.
[2017.06.24-16.10.41:161][  0]LogContentBrowser: Native class hierarchy updated for 'SceneOutliner' in 0.0015 seconds. Added 1 classes and 2 folders.
[2017.06.24-16.10.41:305][  0]LogCrashTracker: Crashtracker disabled due to settings.
[2017.06.24-16.10.41:314][  0]LogUObjectGlobals:Warning: Error al encontrar el objeto 'Class Ninguno.'
[2017.06.24-16.10.41:426][  0]LogContentBrowser: Native class hierarchy updated for 'HierarchicalLODOutliner' in 0.0010 seconds. Added 1 classes and 2 folders.
[2017.06.24-16.10.41:426][  0]LogLoad: (Engine Initialization) Total time: 30.58 seconds
[2017.06.24-16.10.41:426][  0]LogLoad: (Engine Initialization) Total Blueprint compile time: 0.46 seconds
[2017.06.24-16.10.41:426][  0]LogExternalProfiler: Found external profiler: VSPerf
[2017.06.24-16.10.41:426][  0]LogExternalProfiler: Using external profiler: VSPerf
[2017.06.24-16.10.41:767][  0]LogOcInput: OculusInput pre-init called
[2017.06.24-16.10.41:799][  0]LogContentStreaming: Texture pool size now 1000 MB
[2017.06.24-16.10.41:802][  0]LogSlate: Took 0.000518 seconds to synchronously load lazily loaded font '../../../Engine/Content/Slate/Fonts/Roboto-Regular.ttf' (155K)
[2017.06.24-16.10.41:825][  0]LogSlate: Took 0.012551 seconds to synchronously load lazily loaded font '../../../Engine/Content/Slate/Fonts/Roboto-Bold.ttf' (160K)
[2017.06.24-16.10.41:858][  0]LogSlate: Took 0.014545 seconds to synchronously load lazily loaded font '../../../Engine/Content/Editor/Slate/Fonts/FontAwesome.ttf' (139K)
[2017.06.24-16.10.42:174][  0]LogSlate: Took 0.000421 seconds to synchronously load lazily loaded font '../../../Engine/Content/Slate/Fonts/Roboto-Light.ttf' (159K)
[2017.06.24-16.10.42:288][  2]LogRenderer: Reallocating scene render targets to support 876x344 NumSamples 1 (Frame:2).
[2017.06.24-16.10.42:910][  3]LogAssetRegistry: Asset discovery search completed in 19.9009 seconds
[2017.06.24-16.10.42:911][  3]LogCollectionManager: Rebuilt the object cache for 0 collections in 0.000009 seconds (found 0 objects)
[2017.06.24-16.10.42:911][  3]LogCollectionManager: Fixed up redirectors for 0 collections in 0.000056 seconds (updated 0 objects)
[2017.06.24-16.10.56:500][117]LogTemp: Repeting last play command: Standalone Game
[2017.06.24-16.10.56:621][117]LogSlate: Took 0.000147 seconds to synchronously load lazily loaded font '../../../Engine/Content/Slate/Fonts/Roboto-Light.ttf' (159K)
[2017.06.24-16.10.56:668][117]Cmd: OBJ SAVEPACKAGE PACKAGE="/Game/Maps/MainMenu" FILE="../../../../../../Users/koru/Desktop/IHC/SteamProject/Saved/Autosaves/Game/Maps/UEDPCMainMenu.umap" SILENT=true AUTOSAVING=true KEEPDIRTY=true
[2017.06.24-16.10.56:810][117]LogSavePackage: Save=117.19ms
[2017.06.24-16.10.56:810][117]LogSavePackage: Moving '../../../../../../Users/koru/Desktop/IHC/SteamProject/Saved/UEDPCMainMenu912E7D9C4B3511311B04C9B6C63F3D25.tmp' to '../../../../../../Users/koru/Desktop/IHC/SteamProject/Saved/Autosaves/Game/Maps/UEDPCMainMenu.umap'
[2017.06.24-16.10.56:814][117]LogSavePackage:Display: Finished SavePackage ../../../../../../Users/koru/Desktop/IHC/SteamProject/Saved/Autosaves/Game/Maps/UEDPCMainMenu.umap
[2017.06.24-16.10.56:842][117]LogEditorTransaction: Undo Spawn Play From Here Start
[2017.06.24-16.30.48:107][774]Cmd: QUIT_EDITOR
[2017.06.24-16.30.48:224][774]LogWindowsTextInputMethodSystem:Display: IME system now deactivated.
[2017.06.24-16.30.48:224][774]LogWindowsTextInputMethodSystem:Display: IME system now deactivated.
[2017.06.24-16.30.48:340][774]LogExit: Preparing to exit.
[2017.06.24-16.30.49:220][774]LogDirectoryWatcher: A directory notification for 'C:/Users/koru/Desktop/IHC/SteamProject/Content/' was aborted.
[2017.06.24-16.30.49:254][774]LogExit: Editor shut down
[2017.06.24-16.30.49:255][774]LogExit: Transaction tracking system shut down
[2017.06.24-16.30.49:407][774]LogObj: Freed 0b from 0 cluster array pools.
[2017.06.24-16.30.49:408][774]LogExit: Object subsystem successfully closed.
[2017.06.24-16.30.49:428][774]LogD3D11RHI: Shutdown
[2017.06.24-16.30.49:428][774]LogD3D11RHI: CleanupD3DDevice
[2017.06.24-16.30.49:613][774]LogD3D11RHI: ~FD3D11DynamicRHI
[2017.06.24-16.30.49:654][774]LogModuleManager: Shutting down and abandoning module HierarchicalLODOutliner (499)
[2017.06.24-16.30.49:654][774]LogModuleManager: Shutting down and abandoning module CrashTracker (497)
[2017.06.24-16.30.49:654][774]LogModuleManager: Shutting down and abandoning module SceneOutliner (495)
[2017.06.24-16.30.49:654][774]LogModuleManager: Shutting down and abandoning module AddContentDialog (493)
[2017.06.24-16.30.49:654][774]LogDirectoryWatcher: A directory notification for 'C:/Program Files/Epic Games/UE_4.15/FeaturePacks/' was aborted.
[2017.06.24-16.30.49:656][774]LogModuleManager: Shutting down and abandoning module WidgetCarousel (492)
[2017.06.24-16.30.49:657][774]LogModuleManager: Shutting down and abandoning module EditorWidgets (489)
[2017.06.24-16.30.49:657][774]LogModuleManager: Shutting down and abandoning module CollectionManager (487)
[2017.06.24-16.30.49:657][774]LogDirectoryWatcher: A directory notification for 'C:/Users/koru/Desktop/IHC/SteamProject/Content/Collections/' was aborted.
[2017.06.24-16.30.49:657][774]LogDirectoryWatcher: A directory notification for 'C:/Users/koru/Desktop/IHC/SteamProject/Content/Developers/koru/Collections/' was aborted.
[2017.06.24-16.30.49:657][774]LogDirectoryWatcher: A directory notification for 'C:/Users/koru/Desktop/IHC/SteamProject/Saved/Collections/' was aborted.
[2017.06.24-16.30.49:657][774]LogModuleManager: Shutting down and abandoning module StatsViewer (485)
[2017.06.24-16.30.49:657][774]LogModuleManager: Shutting down and abandoning module FoliageEdit (483)
[2017.06.24-16.30.49:657][774]LogModuleManager: Shutting down and abandoning module LandscapeEditor (481)
[2017.06.24-16.30.49:657][774]LogModuleManager: Shutting down and abandoning module SceneDepthPickerMode (479)
[2017.06.24-16.30.49:657][774]LogModuleManager: Shutting down and abandoning module ActorPickerMode (477)
[2017.06.24-16.30.49:657][774]LogModuleManager: Shutting down and abandoning module GeometryMode (475)
[2017.06.24-16.30.49:657][774]LogModuleManager: Shutting down and abandoning module TextureAlignMode (473)
[2017.06.24-16.30.49:657][774]LogModuleManager: Shutting down and abandoning module BspMode (471)
[2017.06.24-16.30.49:657][774]LogModuleManager: Shutting down and abandoning module HardwareSurvey (469)
[2017.06.24-16.30.49:657][774]LogModuleManager: Shutting down and abandoning module SequenceRecorderSections (467)
[2017.06.24-16.30.49:657][774]LogModuleManager: Shutting down and abandoning module AutomationWorker (465)
[2017.06.24-16.30.49:657][774]LogModuleManager: Shutting down and abandoning module MatineeToLevelSequence (463)
[2017.06.24-16.30.49:658][774]LogModuleManager: Shutting down and abandoning module LevelSequenceEditor (461)
[2017.06.24-16.30.49:658][774]LogModuleManager: Shutting down and abandoning module PlacementMode (460)
[2017.06.24-16.30.49:658][774]LogModuleManager: Shutting down and abandoning module WmfMediaFactory (457)
[2017.06.24-16.30.49:658][774]LogModuleManager: Shutting down and abandoning module WmfMediaEditor (455)
[2017.06.24-16.30.49:658][774]LogModuleManager: Shutting down and abandoning module MfMediaFactory (453)
[2017.06.24-16.30.49:658][774]LogModuleManager: Shutting down and abandoning module MfMediaEditor (451)
[2017.06.24-16.30.49:658][774]LogModuleManager: Shutting down and abandoning module AvfMediaFactory (449)
[2017.06.24-16.30.49:658][774]LogModuleManager: Shutting down and abandoning module AvfMediaEditor (447)
[2017.06.24-16.30.49:658][774]LogModuleManager: Shutting down and abandoning module AndroidMediaFactory (445)
[2017.06.24-16.30.49:658][774]LogModuleManager: Shutting down and abandoning module Media (444)
[2017.06.24-16.30.49:658][774]LogModuleManager: Shutting down and abandoning module AndroidMediaEditor (441)
[2017.06.24-16.30.49:658][774]LogModuleManager: Shutting down and abandoning module CharacterAI (439)
[2017.06.24-16.30.49:658][774]LogModuleManager: Shutting down and abandoning module AudioCapture (437)
[2017.06.24-16.30.49:658][774]LogModuleManager: Shutting down and abandoning module SequenceRecorder (436)
[2017.06.24-16.30.49:658][774]LogModuleManager: Shutting down and abandoning module SmartSnapping (433)
[2017.06.24-16.30.49:658][774]LogModuleManager: Shutting down and abandoning module SessionServices (431)
[2017.06.24-16.30.49:658][774]LogModuleManager: Shutting down and abandoning module ViewportSnapping (429)
[2017.06.24-16.30.49:658][774]LogModuleManager: Shutting down and abandoning module ViewportInteraction (427)
[2017.06.24-16.30.49:658][774]LogModuleManager: Shutting down and abandoning module LogVisualizer (425)
[2017.06.24-16.30.49:658][774]LogModuleManager: Shutting down and abandoning module IntroTutorials (423)
[2017.06.24-16.30.49:658][774]LogModuleManager: Shutting down and abandoning module GameProjectGeneration (422)
[2017.06.24-16.30.49:658][774]LogModuleManager: Shutting down and abandoning module EditorLiveStreaming (419)
[2017.06.24-16.30.49:658][774]LogModuleManager: Shutting down and abandoning module IOSPlatformEditor (417)
[2017.06.24-16.30.49:658][774]LogModuleManager: Shutting down and abandoning module HTML5PlatformEditor (415)
[2017.06.24-16.30.49:659][774]LogModuleManager: Shutting down and abandoning module AndroidPlatformEditor (413)
[2017.06.24-16.30.49:659][774]LogModuleManager: Shutting down and abandoning module AndroidDeviceDetection (412)
[2017.06.24-16.30.50:292][774]LogModuleManager: Shutting down and abandoning module IOSRuntimeSettings (409)
[2017.06.24-16.30.50:292][774]LogModuleManager: Shutting down and abandoning module AndroidRuntimeSettings (407)
[2017.06.24-16.30.50:292][774]LogModuleManager: Shutting down and abandoning module InputBindingEditor (405)
[2017.06.24-16.30.50:292][774]LogModuleManager: Shutting down and abandoning module NiagaraEditor (403)
[2017.06.24-16.30.50:292][774]LogModuleManager: Shutting down and abandoning module MergeActors (401)
[2017.06.24-16.30.50:292][774]LogModuleManager: Shutting down and abandoning module SizeMap (399)
[2017.06.24-16.30.50:292][774]LogModuleManager: Shutting down and abandoning module TreeMap (397)
[2017.06.24-16.30.50:293][774]LogModuleManager: Shutting down and abandoning module ReferenceViewer (395)
[2017.06.24-16.30.50:293][774]LogModuleManager: Shutting down and abandoning module LocalizationDashboard (393)
[2017.06.24-16.30.50:293][774]LogModuleManager: Shutting down and abandoning module LocalizationService (392)
[2017.06.24-16.30.50:293][774]LogModuleManager: Shutting down and abandoning module HardwareTargeting (389)
[2017.06.24-16.30.50:293][774]LogModuleManager: Shutting down and abandoning module DeviceProfileEditor (387)
[2017.06.24-16.30.50:293][774]LogModuleManager: Shutting down and abandoning module UndoHistory (385)
[2017.06.24-16.30.50:293][774]LogModuleManager: Shutting down and abandoning module UserFeedback (383)
[2017.06.24-16.30.50:293][774]LogModuleManager: Shutting down and abandoning module XmlParser (381)
[2017.06.24-16.30.50:293][774]LogModuleManager: Shutting down and abandoning module Blutility (379)
[2017.06.24-16.30.50:293][774]LogModuleManager: Shutting down and abandoning module ProjectSettingsViewer (377)
[2017.06.24-16.30.50:293][774]LogModuleManager: Shutting down and abandoning module ProjectTargetPlatformEditor (376)
[2017.06.24-16.30.50:293][774]LogModuleManager: Shutting down and abandoning module EditorSettingsViewer (373)
[2017.06.24-16.30.50:294][774]LogModuleManager: Shutting down and abandoning module SettingsEditor (371)
[2017.06.24-16.30.50:294][774]LogModuleManager: Shutting down and abandoning module ProjectLauncher (369)
[2017.06.24-16.30.50:294][774]LogModuleManager: Shutting down and abandoning module SessionFrontend (367)
[2017.06.24-16.30.50:294][774]LogModuleManager: Shutting down and abandoning module ProfilerClient (365)
[2017.06.24-16.30.50:294][774]LogModuleManager: Shutting down and abandoning module DeviceManager (363)
[2017.06.24-16.30.50:294][774]LogModuleManager: Shutting down and abandoning module TargetDeviceServices (362)
[2017.06.24-16.30.50:338][774]LogModuleManager: Shutting down and abandoning module AutomationController (359)
[2017.06.24-16.30.50:338][774]LogModuleManager: Shutting down and abandoning module AutomationWindow (357)
[2017.06.24-16.30.50:338][774]LogModuleManager: Shutting down and abandoning module Layers (355)
[2017.06.24-16.30.50:338][774]LogModuleManager: Shutting down and abandoning module ComponentVisualizers (353)
[2017.06.24-16.30.50:338][774]LogModuleManager: Shutting down and abandoning module DetailCustomizations (351)
[2017.06.24-16.30.50:338][774]LogModuleManager: Shutting down and abandoning module PackagesDialog (349)
[2017.06.24-16.30.50:338][774]LogModuleManager: Shutting down and abandoning module Persona (347)
[2017.06.24-16.30.50:338][774]LogModuleManager: Shutting down and abandoning module AnimGraph (346)
[2017.06.24-16.30.50:338][774]LogModuleManager: Shutting down and abandoning module Kismet (343)
[2017.06.24-16.30.50:340][774]LogModuleManager: Shutting down and abandoning module GraphEditor (341)
[2017.06.24-16.30.50:340][774]LogModuleManager: Shutting down and abandoning module ClassViewer (339)
[2017.06.24-16.30.50:341][774]LogModuleManager: Shutting down and abandoning module Toolbox (337)
[2017.06.24-16.30.50:341][774]LogModuleManager: Shutting down and abandoning module ModuleUI (335)
[2017.06.24-16.30.50:341][774]LogModuleManager: Shutting down and abandoning module MovieSceneTools (333)
[2017.06.24-16.30.50:341][774]LogModuleManager: Shutting down and abandoning module OutputLog (331)
[2017.06.24-16.30.50:341][774]LogModuleManager: Shutting down and abandoning module GammaUI (329)
[2017.06.24-16.30.50:341][774]LogModuleManager: Shutting down and abandoning module Documentation (327)
[2017.06.24-16.30.50:341][774]LogModuleManager: Shutting down and abandoning module Niagara (325)
[2017.06.24-16.30.50:341][774]LogModuleManager: Shutting down and abandoning module StreamingPauseRendering (323)
[2017.06.24-16.30.50:341][774]LogModuleManager: Shutting down and abandoning module AnalyticsET (321)
[2017.06.24-16.30.50:341][774]LogModuleManager: Shutting down and abandoning module PortalServices (319)
[2017.06.24-16.30.50:341][774]LogModuleManager: Shutting down and abandoning module PortalRpc (317)
[2017.06.24-16.30.50:341][774]LogModuleManager: Shutting down and abandoning module MessagingRpc (315)
[2017.06.24-16.30.50:341][774]LogModuleManager: Shutting down and abandoning module AIModule (313)
[2017.06.24-16.30.50:341][774]LogModuleManager: Shutting down and abandoning module GameplayDebugger (312)
[2017.06.24-16.30.50:341][774]LogModuleManager: Shutting down and abandoning module AITestSuite (310)
[2017.06.24-16.30.50:341][774]LogModuleManager: Shutting down and abandoning module ProfilerService (307)
[2017.06.24-16.30.50:436][774]LogModuleManager: Shutting down and abandoning module TaskGraph (305)
[2017.06.24-16.30.50:436][774]LogModuleManager: Shutting down and abandoning module SteamVRController (303)
[2017.06.24-16.30.50:436][774]LogModuleManager: Shutting down and abandoning module SteamVR (301)
[2017.06.24-16.30.50:436][774]LogModuleManager: Shutting down and abandoning module ProceduralMeshComponentEditor (299)
[2017.06.24-16.30.50:436][774]LogModuleManager: Shutting down and abandoning module ProceduralMeshComponent (297)
[2017.06.24-16.30.50:436][774]LogModuleManager: Shutting down and abandoning module OculusLibrary (295)
[2017.06.24-16.30.50:436][774]LogModuleManager: Shutting down and abandoning module OculusInput (293)
[2017.06.24-16.30.50:436][774]LogModuleManager: Shutting down and abandoning module MobilePatchingUtils (291)
[2017.06.24-16.30.50:436][774]LogModuleManager: Shutting down and abandoning module CustomMeshComponent (289)
[2017.06.24-16.30.50:436][774]LogModuleManager: Shutting down and abandoning module CableComponent (287)
[2017.06.24-16.30.50:436][774]LogModuleManager: Shutting down and abandoning module ArchVisCharacter (285)
[2017.06.24-16.30.50:436][774]LogModuleManager: Shutting down and abandoning module MediaPlayerEditor (283)
[2017.06.24-16.30.50:437][774]LogModuleManager: Shutting down and abandoning module HTML5Networking (281)
[2017.06.24-16.30.50:437][774]LogModuleManager: Shutting down and abandoning module AlembicImporter (279)
[2017.06.24-16.30.50:437][774]LogModuleManager: Shutting down and abandoning module AlembicLibrary (278)
[2017.06.24-16.30.50:437][774]LogModuleManager: Shutting down and abandoning module GeometryCache (277)
[2017.06.24-16.30.50:437][774]LogModuleManager: Shutting down and abandoning module GeometryCacheEd (276)
[2017.06.24-16.30.50:437][774]LogModuleManager: Shutting down and abandoning module SuperSearchEditor (271)
[2017.06.24-16.30.50:437][774]LogModuleManager: Shutting down and abandoning module SuperSearch (270)
[2017.06.24-16.30.50:437][774]LogModuleManager: Shutting down and abandoning module SpeedTreeImporter (267)
[2017.06.24-16.30.50:437][774]LogModuleManager: Shutting down and abandoning module PluginBrowser (265)
[2017.06.24-16.30.50:437][774]LogModuleManager: Shutting down and abandoning module MobileLauncherProfileWizard (263)
[2017.06.24-16.30.50:437][774]LogModuleManager: Shutting down and abandoning module EpicSurvey (261)
[2017.06.24-16.30.50:437][774]LogModuleManager: Shutting down and abandoning module VisualStudioSourceCodeAccess (259)
[2017.06.24-16.30.50:437][774]LogModuleManager: Shutting down and abandoning module DesktopPlatform (258)
[2017.06.24-16.30.50:437][774]LogModuleManager: Shutting down and abandoning module UObjectPlugin (255)
[2017.06.24-16.30.50:438][774]LogModuleManager: Shutting down and abandoning module SubversionSourceControl (253)
[2017.06.24-16.30.50:438][774]LogModuleManager: Shutting down and abandoning module PerforceSourceControl (251)
[2017.06.24-16.30.50:438][774]LogModuleManager: Shutting down and abandoning module GitSourceControl (249)
[2017.06.24-16.30.50:438][774]LogModuleManager: Shutting down and abandoning module SourceControl (248)
[2017.06.24-16.30.50:438][774]LogModuleManager: Shutting down and abandoning module LightPropagationVolumeEditor (245)
[2017.06.24-16.30.50:438][774]LogModuleManager: Shutting down and abandoning module PaperTiledImporter (243)
[2017.06.24-16.30.50:438][774]LogModuleManager: Shutting down and abandoning module PaperSpriteSheetImporter (241)
[2017.06.24-16.30.50:438][774]LogModuleManager: Shutting down and abandoning module Paper2DEditor (239)
[2017.06.24-16.30.50:438][774]LogModuleManager: Shutting down and abandoning module MeshPaint (238)
[2017.06.24-16.30.50:438][774]LogModuleManager: Shutting down and abandoning module LevelEditor (236)
[2017.06.24-16.30.50:441][774]LogModuleManager: Shutting down and abandoning module PixelInspectorModule (235)
[2017.06.24-16.30.50:441][774]LogModuleManager: Shutting down and abandoning module MainFrame (233)
[2017.06.24-16.30.50:441][774]LogModuleManager: Shutting down and abandoning module HotReload (232)
[2017.06.24-16.30.50:447][774]LogModuleManager: Shutting down and abandoning module ContentBrowser (228)
[2017.06.24-16.30.50:451][774]LogModuleManager: Shutting down and abandoning module PhysXVehiclesEditor (225)
[2017.06.24-16.30.50:451][774]LogModuleManager: Shutting down and abandoning module PhysXVehicles (223)
[2017.06.24-16.30.50:451][774]LogModuleManager: Shutting down and abandoning module LocationServicesBPLibrary (221)
[2017.06.24-16.30.50:451][774]LogModuleManager: Shutting down and abandoning module UdpMessaging (219)
[2017.06.24-16.30.50:552][774]LogModuleManager: Shutting down and abandoning module TcpMessaging (217)
[2017.06.24-16.30.50:653][774]LogModuleManager: Shutting down and abandoning module GameplayTagsEditor (215)
[2017.06.24-16.30.50:653][774]LogModuleManager: Shutting down and abandoning module FacialAnimationEditor (213)
[2017.06.24-16.30.50:653][774]LogModuleManager: Shutting down and abandoning module FacialAnimation (211)
[2017.06.24-16.30.50:653][774]LogModuleManager: Shutting down and abandoning module LightPropagationVolumeRuntime (209)
[2017.06.24-16.30.50:653][774]LogModuleManager: Shutting down and abandoning module Paper2D (207)
[2017.06.24-16.30.50:653][774]LogModuleManager: Shutting down and abandoning module WindowsMoviePlayer (205)
[2017.06.24-16.30.50:653][774]LogModuleManager: Shutting down and abandoning module WmfMedia (203)
[2017.06.24-16.30.50:653][774]LogModuleManager: Shutting down and abandoning module MfMedia (201)
[2017.06.24-16.30.50:653][774]LogModuleManager: Shutting down and abandoning module MediaAssets (199)
[2017.06.24-16.30.50:653][774]LogModuleManager: Shutting down and abandoning module GameLiveStreaming (197)
[2017.06.24-16.30.50:653][774]LogModuleManager: Shutting down and abandoning module VREditor (195)
[2017.06.24-16.30.50:653][774]LogModuleManager: Shutting down and abandoning module GameplayTasksEditor (193)
[2017.06.24-16.30.50:653][774]LogModuleManager: Shutting down and abandoning module BehaviorTreeEditor (191)
[2017.06.24-16.30.50:653][774]LogModuleManager: Shutting down and abandoning module FunctionalTesting (189)
[2017.06.24-16.30.50:653][774]LogModuleManager: Shutting down and abandoning module CollisionAnalyzer (187)
[2017.06.24-16.30.50:653][774]LogModuleManager: Shutting down and abandoning module UMG (185)
[2017.06.24-16.30.50:653][774]LogModuleManager: Shutting down and abandoning module UMGEditor (184)
[2017.06.24-16.30.50:653][774]LogModuleManager: Shutting down and abandoning module Sequencer (183)
[2017.06.24-16.30.50:653][774]LogModuleManager: Shutting down and abandoning module AssetTools (181)
[2017.06.24-16.30.50:653][774]LogModuleManager: Shutting down and abandoning module MessageLog (180)
[2017.06.24-16.30.50:653][774]LogModuleManager: Shutting down and abandoning module WorkspaceMenuStructure (179)
[2017.06.24-16.30.50:653][774]LogModuleManager: Shutting down and abandoning module SlateReflector (173)
[2017.06.24-16.30.50:653][774]LogModuleManager: Shutting down and abandoning module Slate (171)
[2017.06.24-16.30.50:653][774]LogModuleManager: Shutting down and abandoning module EditorStyle (169)
[2017.06.24-16.30.50:660][774]LogModuleManager: Shutting down and abandoning module SourceCodeAccess (167)
[2017.06.24-16.30.50:660][774]LogModuleManager: Shutting down and abandoning module HeadMountedDisplay (165)
[2017.06.24-16.30.50:660][774]LogModuleManager: Shutting down and abandoning module XAudio2 (163)
[2017.06.24-16.30.50:660][774]LogModuleManager: Shutting down and abandoning module Networking (161)
[2017.06.24-16.30.50:660][774]LogModuleManager: Shutting down and abandoning module Core (159)
[2017.06.24-16.30.50:660][774]LogModuleManager: Shutting down and abandoning module AssetRegistry (157)
[2017.06.24-16.30.50:801][774]LogDirectoryWatcher: A directory notification for '../../../Engine/Content/' was aborted.
[2017.06.24-16.30.50:801][774]LogDirectoryWatcher: A directory notification for '../../../../../../Users/koru/Desktop/IHC/SteamProject/Content/' was aborted.
[2017.06.24-16.30.50:801][774]LogDirectoryWatcher: A directory notification for '../../../Engine/Plugins/2D/Paper2D/Content/' was aborted.
[2017.06.24-16.30.50:801][774]LogModuleManager: Shutting down and abandoning module DirectoryWatcher (156)
[2017.06.24-16.30.50:802][774]LogModuleManager: Shutting down and abandoning module KismetCompiler (153)
[2017.06.24-16.30.50:802][774]LogModuleManager: Shutting down and abandoning module PhysXFormats (151)
[2017.06.24-16.30.50:802][774]LogModuleManager: Shutting down and abandoning module MeshUtilities (149)
[2017.06.24-16.30.50:802][774]LogModuleManager: Shutting down and abandoning module SimplygonSwarm (148)
[2017.06.24-16.30.50:802][774]LogModuleManager: Shutting down and abandoning module SimplygonMeshReduction (146)
[2017.06.24-16.30.50:802][774]LogModuleManager: Shutting down and abandoning module QuadricMeshReduction (144)
[2017.06.24-16.30.50:802][774]LogModuleManager: Shutting down and abandoning module PropertyEditor (142)
[2017.06.24-16.30.50:802][774]LogModuleManager: Shutting down and abandoning module DerivedDataCache (139)
[2017.06.24-16.30.50:844][774]LogDerivedDataCache: Shutdown
[2017.06.24-16.30.50:844][774]LogModuleManager: Shutting down and abandoning module TargetPlatform (137)
[2017.06.24-16.30.50:844][774]LogModuleManager: Shutting down and abandoning module VulkanShaderFormat (136)
[2017.06.24-16.30.50:844][774]LogModuleManager: Shutting down and abandoning module ShaderFormatOpenGL (134)
[2017.06.24-16.30.50:844][774]LogModuleManager: Shutting down and abandoning module ShaderFormatD3D (132)
[2017.06.24-16.30.50:844][774]LogModuleManager: Shutting down and abandoning module MetalShaderFormat (130)
[2017.06.24-16.30.50:844][774]LogModuleManager: Shutting down and abandoning module TextureFormatUncompressed (128)
[2017.06.24-16.30.50:844][774]LogModuleManager: Shutting down and abandoning module TextureFormatPVR (126)
[2017.06.24-16.30.50:844][774]LogModuleManager: Shutting down and abandoning module TextureFormatDXT (124)
[2017.06.24-16.30.50:844][774]LogModuleManager: Shutting down and abandoning module TextureFormatIntelISPCTexComp (122)
[2017.06.24-16.30.50:845][774]LogModuleManager: Shutting down and abandoning module TextureFormatASTC (120)
[2017.06.24-16.30.50:845][774]LogModuleManager: Shutting down and abandoning module ImageWrapper (119)
[2017.06.24-16.30.50:845][774]LogModuleManager: Shutting down and abandoning module TextureFormatAndroid (116)
[2017.06.24-16.30.50:845][774]LogModuleManager: Shutting down and abandoning module AudioFormatOpus (114)
[2017.06.24-16.30.50:845][774]LogModuleManager: Shutting down and abandoning module AudioFormatOgg (112)
[2017.06.24-16.30.50:845][774]LogModuleManager: Shutting down and abandoning module AudioFormatADPCM (110)
[2017.06.24-16.30.50:845][774]LogModuleManager: Shutting down and abandoning module LinuxTargetPlatform (108)
[2017.06.24-16.30.50:845][774]LogModuleManager: Shutting down and abandoning module LinuxServerTargetPlatform (106)
[2017.06.24-16.30.50:845][774]LogModuleManager: Shutting down and abandoning module LinuxNoEditorTargetPlatform (104)
[2017.06.24-16.30.50:845][774]LogModuleManager: Shutting down and abandoning module LinuxClientTargetPlatform (102)
[2017.06.24-16.30.50:845][774]LogModuleManager: Shutting down and abandoning module TVOSTargetPlatform (100)
[2017.06.24-16.30.50:845][774]LogModuleManager: Shutting down and abandoning module Messaging (98)
[2017.06.24-16.30.50:845][774]LogModuleManager: Shutting down and abandoning module IOSTargetPlatform (96)
[2017.06.24-16.30.50:845][774]LogModuleManager: Shutting down and abandoning module HTML5TargetPlatform (94)
[2017.06.24-16.30.50:845][774]LogModuleManager: Shutting down and abandoning module Android_PVRTCTargetPlatform (92)
[2017.06.24-16.30.50:845][774]LogModuleManager: Shutting down and abandoning module Android_MultiTargetPlatform (90)
[2017.06.24-16.30.50:845][774]LogModuleManager: Shutting down and abandoning module Android_ETC2TargetPlatform (88)
[2017.06.24-16.30.50:845][774]LogModuleManager: Shutting down and abandoning module Android_ETC1TargetPlatform (86)
[2017.06.24-16.30.50:845][774]LogModuleManager: Shutting down and abandoning module Android_DXTTargetPlatform (84)
[2017.06.24-16.30.50:845][774]LogModuleManager: Shutting down and abandoning module Android_ATCTargetPlatform (82)
[2017.06.24-16.30.50:845][774]LogModuleManager: Shutting down and abandoning module Android_ASTCTargetPlatform (80)
[2017.06.24-16.30.50:845][774]LogModuleManager: Shutting down and abandoning module AndroidTargetPlatform (78)
[2017.06.24-16.30.50:845][774]LogModuleManager: Shutting down and abandoning module WindowsTargetPlatform (76)
[2017.06.24-16.30.50:845][774]LogModuleManager: Shutting down and abandoning module WindowsServerTargetPlatform (74)
[2017.06.24-16.30.50:845][774]LogModuleManager: Shutting down and abandoning module WindowsNoEditorTargetPlatform (72)
[2017.06.24-16.30.50:845][774]LogModuleManager: Shutting down and abandoning module WindowsClientTargetPlatform (70)
[2017.06.24-16.30.50:845][774]LogModuleManager: Shutting down and abandoning module MacTargetPlatform (68)
[2017.06.24-16.30.50:845][774]LogModuleManager: Shutting down and abandoning module MacServerTargetPlatform (66)
[2017.06.24-16.30.50:845][774]LogModuleManager: Shutting down and abandoning module MacNoEditorTargetPlatform (64)
[2017.06.24-16.30.50:845][774]LogModuleManager: Shutting down and abandoning module MacClientTargetPlatform (62)
[2017.06.24-16.30.50:845][774]LogModuleManager: Shutting down and abandoning module AllDesktopTargetPlatform (60)
[2017.06.24-16.30.50:845][774]LogModuleManager: Shutting down and abandoning module InputCore (57)
[2017.06.24-16.30.50:845][774]LogModuleManager: Shutting down and abandoning module Settings (55)
[2017.06.24-16.30.50:845][774]LogModuleManager: Shutting down and abandoning module OculusRift (53)
[2017.06.24-16.30.50:845][774]LogModuleManager: Shutting down and abandoning module GearVR (51)
[2017.06.24-16.30.50:845][774]LogModuleManager: Shutting down and abandoning module ExampleDeviceProfileSelector (49)
[2017.06.24-16.30.50:845][774]LogModuleManager: Shutting down and abandoning module OnlineBlueprintSupport (47)
[2017.06.24-16.30.50:845][774]LogModuleManager: Shutting down and abandoning module OnlineSubsystem (43)
[2017.06.24-16.30.50:845][774]LogOnline:Display: OSS: FOnlineSubsystemNull::Shutdown()
[2017.06.24-16.30.50:846][774]LogOnline:Display: Unloading online subsystem: NULL
[2017.06.24-16.30.50:846][774]LogModuleManager: Shutting down and abandoning module XMPP (37)
[2017.06.24-16.30.50:846][774]LogModuleManager: Shutting down and abandoning module HTTP (35)
[2017.06.24-16.30.50:846][774]LogHttp:Display: Http module shutting down, but needs to wait on 1 outstanding Http requests:
[2017.06.24-16.30.50:846][774]LogHttp:Display: 	verb=[POST] url=[https://datarouter.ol.epicgames.com/datarouter/api/v1/public/data?SessionID=%7B2CD437C0-44D7-2F9D-61B2-9095BFABCC4E%7D&AppID=UEEditor.Rocket.Release&AppVersion=4.15.3-3450819%2B%2B%2BUE4%2BRelease-4.15&UserID=16f6e73c436c59fc7725ca9bff7d7971%7C0f9bbdcf7d164a46a40827d3961d084f%7C3e63d1e9-4d67-46eb-9e0a-723ccb1fcc3c&AppEnvironment=datacollector-binary&UploadType=eteventstream] status=Processing
[2017.06.24-16.30.50:866][774]LogModuleManager: Shutting down and abandoning module SSL (34)
[2017.06.24-16.30.50:867][774]LogModuleManager: Shutting down and abandoning module AudioEditor (30)
[2017.06.24-16.30.50:867][774]LogModuleManager: Shutting down and abandoning module TextureCompressor (28)
[2017.06.24-16.30.50:868][774]LogModuleManager: Shutting down and abandoning module ShaderCore (26)
[2017.06.24-16.30.50:868][774]LogModuleManager: Shutting down and abandoning module Landscape (24)
[2017.06.24-16.30.50:868][774]LogModuleManager: Shutting down and abandoning module SlateRHIRenderer (22)
[2017.06.24-16.30.50:869][774]LogModuleManager: Shutting down and abandoning module OpenGLDrv (20)
[2017.06.24-16.30.50:869][774]LogModuleManager: Shutting down and abandoning module D3D11RHI (18)
[2017.06.24-16.30.50:869][774]LogModuleManager: Shutting down and abandoning module AnimGraphRuntime (16)
[2017.06.24-16.30.50:869][774]LogModuleManager: Shutting down and abandoning module Renderer (14)
[2017.06.24-16.30.50:869][774]LogModuleManager: Shutting down and abandoning module Engine (12)
[2017.06.24-16.30.50:869][774]LogModuleManager: Shutting down and abandoning module CoreUObject (10)
[2017.06.24-16.30.50:869][774]LogModuleManager: Shutting down and abandoning module NetworkFile (8)
[2017.06.24-16.30.50:869][774]LogModuleManager: Shutting down and abandoning module StreamingFile (6)
[2017.06.24-16.30.50:869][774]LogModuleManager: Shutting down and abandoning module SandboxFile (4)
[2017.06.24-16.30.50:869][774]LogModuleManager: Shutting down and abandoning module PakFile (2)
[2017.06.24-16.30.50:871][774]LogExit: Exiting.
[2017.06.24-16.30.50:873][774]Log file closed, 06/24/17 11:30:50
